Installing C++ dependencies (Conan)...

======== Input profiles ========
Profile host:
[settings]
arch=x86_64
build_type=Release
compiler=msvc
compiler.cppstd=17
compiler.runtime=dynamic
compiler.runtime_type=Release
compiler.version=193
os=Windows

Profile build:
[settings]
arch=x86_64
build_type=Release
compiler=msvc
compiler.cppstd=14
compiler.runtime=dynamic
compiler.runtime_type=Release
compiler.version=193
os=Windows


======== Computing dependency graph ========
Graph root
    conanfile.txt: C:\Users\johnw\Desktop\resume\Boom\jet_engine_cycle_analysis_tool\solver\conanfile.txt
Requirements
    fmt/10.2.1#25441914a1da0c98628fb50c865639f8 - Cache
    nlohmann_json/3.11.3#45828be26eb619a2e04ca517bb7b828d - Cache
    spdlog/1.14.1#0c58e5559d0409d1fadfc39f51393c11 - Cache

======== Computing necessary packages ========
Requirements
    fmt/10.2.1#25441914a1da0c98628fb50c865639f8:1e0b2be5f6fc1e186056c7aabf17e2673b0e9ead#0b00660dc5c19d53229c48f7ea4335ac - Cache
    nlohmann_json/3.11.3#45828be26eb619a2e04ca517bb7b828d:da39a3ee5e6b4b0d3255bfef95601890afd80709#552828a2560333bcbeff9d087ce0af0f - Cache
    spdlog/1.14.1#0c58e5559d0409d1fadfc39f51393c11:29749f28f7730ded434540ade8772d18619d07fa#a7f03c6113eee5e716e161740d270a7a - Cache

======== Installing packages ========
fmt/10.2.1: Already installed! (1 of 3)
nlohmann_json/3.11.3: Already installed! (2 of 3)
spdlog/1.14.1: Already installed! (3 of 3)

======== Finalizing install (deploy, generators) ========
conanfile.txt: Writing generators to C:\Users\johnw\Desktop\resume\Boom\jet_engine_cycle_analysis_tool\solver\build
conanfile.txt: Generator 'CMakeDeps' calling 'generate()'
conanfile.txt: CMakeDeps necessary find_package() and targets for your CMakeLists.txt
    find_package(spdlog)
    find_package(nlohmann_json)
    target_link_libraries(... spdlog::spdlog nlohmann_json::nlohmann_json)
conanfile.txt: Generator 'CMakeToolchain' calling 'generate()'
conanfile.txt: CMakeToolchain generated: conan_toolchain.cmake
conanfile.txt: CMakeToolchain: Preset 'conan-default' added to CMakePresets.json.
    (cmake>=3.23) cmake --preset conan-default
    (cmake<3.23) cmake <path> -G "Visual Studio 17 2022" -DCMAKE_TOOLCHAIN_FILE=<output_folder>/conan_toolchain.cmake  -DCMAKE_POLICY_DEFAULT_CMP0091=NEW
conanfile.txt: CMakeToolchain generated: C:\Users\johnw\Desktop\resume\Boom\jet_engine_cycle_analysis_tool\solver\build\CMakePresets.json
conanfile.txt: CMakeToolchain generated: C:\Users\johnw\Desktop\resume\Boom\jet_engine_cycle_analysis_tool\solver\CMakeUserPresets.json
conanfile.txt: Generating aggregated env files
conanfile.txt: Generated aggregated env files: ['conanbuild.bat', 'conanrun.bat']
Install finished successfully
Configuring build (CMake)...
-- Using Conan toolchain: C:/Users/johnw/Desktop/resume/Boom/jet_engine_cycle_analysis_tool/solver/build/conan_toolchain.cmake
-- Conan toolchain: CMAKE_GENERATOR_TOOLSET=v143
-- Conan toolchain: Setting CMAKE_MSVC_RUNTIME_LIBRARY=$<$<CONFIG:Release>:MultiThreadedDLL>
-- Conan toolchain: C++ Standard 17 with extensions OFF
-- Selecting Windows SDK version 10.0.22000.0 to target Windows 10.0.26200.
-- Conan: Component target declared 'spdlog::spdlog'
-- Conan: Component target declared 'fmt::fmt'
-- Conan: Target declared 'nlohmann_json::nlohmann_json'
-- Configuring done
-- Generating done
-- Build files have been written to: C:/Users/johnw/Desktop/resume/Boom/jet_engine_cycle_analysis_tool/solver/build
Building solver...
MSBuild version 17.4.1+9a89d02ff for .NET Framework
  solver.vcxproj -> C:\Users\johnw\Desktop\resume\Boom\jet_engine_cycle_analysis_tool\solver\build\Release\solver.exe
Done. Binary is at solver/build/Release/solver.exe (Windows) or solver/build/solver (Linux/Mac)
